{"name": "test_navigation_to_person_page", "status": "broken", "statusDetails": {"message": "selenium.common.exceptions.NoSuchElementException: Message: no such element: Unable to locate element: {\"method\":\"xpath\",\"selector\":\"//a[contains(@href, 'top') or contains(@href, 'rating')][1]\"}\n  (Session info: chrome=139.0.7258.128); For documentation on this error, please visit: https://www.selenium.dev/documentation/webdriver/troubleshooting/errors#no-such-element-exception\nStacktrace:\n\tGetHandleVerifier [0x0xdaa8a3+63283]\n\tGetHandleVerifier [0x0xdaa8e4+63348]\n\t(No symbol) [0x0xbe3e43]\n\t(No symbol) [0x0xc2c8de]\n\t(No symbol) [0x0xc2cc7b]\n\t(No symbol) [0x0xc74ef2]\n\t(No symbol) [0x0xc51464]\n\t(No symbol) [0x0xc7271a]\n\t(No symbol) [0x0xc51216]\n\t(No symbol) [0x0xc20855]\n\t(No symbol) [0x0xc216f4]\n\tGetHandleVerifier [0x0x101bb43+2623955]\n\tGetHandleVerifier [0x0x1016daa+2604090]\n\tGetHandleVerifier [0x0xdd069a+218410]\n\tGetHandleVerifier [0x0xdc0ed8+154984]\n\tGetHandleVerifier [0x0xdc742d+180925]\n\tGetHandleVerifier [0x0xdb22b8+94536]\n\tGetHandleVerifier [0x0xdb2442+94930]\n\tGetHandleVerifier [0x0xd9d5ea+9338]\n\tBaseThreadInitThunk [0x0x75fcfcc9+25]\n\tRtlGetAppContainerNamedObjectPath [0x0x774482ae+286]\n\tRtlGetAppContainerNamedObjectPath [0x0x7744827e+238]", "trace": "tests\\test-ui.py:45: in test_movie_page_displays_rating_and_year\n    top_link = WebDriverWait(browser, 10).until(\n..\\..\\..\\..\\AppData\\Local\\Programs\\Python\\Python313\\Lib\\site-packages\\selenium\\webdriver\\support\\wait.py:105: in until\n    raise TimeoutException(message, screen, stacktrace)\nE   selenium.common.exceptions.TimeoutException: Message: \nE   Stacktrace:\nE   \tGetHandleVerifier [0x0xdaa8a3+63283]\nE   \tGetHandleVerifier [0x0xdaa8e4+63348]\nE   \t(No symbol) [0x0xbe3e43]\nE   \t(No symbol) [0x0xc2c8de]\nE   \t(No symbol) [0x0xc2cc7b]\nE   \t(No symbol) [0x0xc74ef2]\nE   \t(No symbol) [0x0xc51464]\nE   \t(No symbol) [0x0xc7271a]\nE   \t(No symbol) [0x0xc51216]\nE   \t(No symbol) [0x0xc20855]\nE   \t(No symbol) [0x0xc216f4]\nE   \tGetHandleVerifier [0x0x101bb43+2623955]\nE   \tGetHandleVerifier [0x0x1016daa+2604090]\nE   \tGetHandleVerifier [0x0xdd069a+218410]\nE   \tGetHandleVerifier [0x0xdc0ed8+154984]\nE   \tGetHandleVerifier [0x0xdc742d+180925]\nE   \tGetHandleVerifier [0x0xdb22b8+94536]\nE   \tGetHandleVerifier [0x0xdb2442+94930]\nE   \tGetHandleVerifier [0x0xd9d5ea+9338]\nE   \tBaseThreadInitThunk [0x0x75fcfcc9+25]\nE   \tRtlGetAppContainerNamedObjectPath [0x0x774482ae+286]\nE   \tRtlGetAppContainerNamedObjectPath [0x0x7744827e+238]\n\nDuring handling of the above exception, another exception occurred:\ntests\\test-ui.py:79: in test_navigation_to_person_page\n    self.test_movie_page_displays_rating_and_year(browser)\ntests\\test-ui.py:50: in test_movie_page_displays_rating_and_year\n    top_link = browser.find_element(By.XPATH, \"//a[contains(@href, 'top') or contains(@href, 'rating')][1]\")\n..\\..\\..\\..\\AppData\\Local\\Programs\\Python\\Python313\\Lib\\site-packages\\selenium\\webdriver\\remote\\webdriver.py:741: in find_element\n    return self.execute(Command.FIND_ELEMENT, {\"using\": by, \"value\": value})[\"value\"]\n..\\..\\..\\..\\AppData\\Local\\Programs\\Python\\Python313\\Lib\\site-packages\\selenium\\webdriver\\remote\\webdriver.py:347: in execute\n    self.error_handler.check_response(response)\n..\\..\\..\\..\\AppData\\Local\\Programs\\Python\\Python313\\Lib\\site-packages\\selenium\\webdriver\\remote\\errorhandler.py:229: in check_response\n    raise exception_class(message, screen, stacktrace)\nE   selenium.common.exceptions.NoSuchElementException: Message: no such element: Unable to locate element: {\"method\":\"xpath\",\"selector\":\"//a[contains(@href, 'top') or contains(@href, 'rating')][1]\"}\nE     (Session info: chrome=139.0.7258.128); For documentation on this error, please visit: https://www.selenium.dev/documentation/webdriver/troubleshooting/errors#no-such-element-exception\nE   Stacktrace:\nE   \tGetHandleVerifier [0x0xdaa8a3+63283]\nE   \tGetHandleVerifier [0x0xdaa8e4+63348]\nE   \t(No symbol) [0x0xbe3e43]\nE   \t(No symbol) [0x0xc2c8de]\nE   \t(No symbol) [0x0xc2cc7b]\nE   \t(No symbol) [0x0xc74ef2]\nE   \t(No symbol) [0x0xc51464]\nE   \t(No symbol) [0x0xc7271a]\nE   \t(No symbol) [0x0xc51216]\nE   \t(No symbol) [0x0xc20855]\nE   \t(No symbol) [0x0xc216f4]\nE   \tGetHandleVerifier [0x0x101bb43+2623955]\nE   \tGetHandleVerifier [0x0x1016daa+2604090]\nE   \tGetHandleVerifier [0x0xdd069a+218410]\nE   \tGetHandleVerifier [0x0xdc0ed8+154984]\nE   \tGetHandleVerifier [0x0xdc742d+180925]\nE   \tGetHandleVerifier [0x0xdb22b8+94536]\nE   \tGetHandleVerifier [0x0xdb2442+94930]\nE   \tGetHandleVerifier [0x0xd9d5ea+9338]\nE   \tBaseThreadInitThunk [0x0x75fcfcc9+25]\nE   \tRtlGetAppContainerNamedObjectPath [0x0x774482ae+286]\nE   \tRtlGetAppContainerNamedObjectPath [0x0x7744827e+238]"}, "description": "Переход на страницу актёра.", "start": 1757487591608, "stop": 1757487606567, "uuid": "2f31cb85-6f69-4146-947e-7f3225db4a9b", "historyId": "c888b484cedb2b72e7cc504150f6ba08", "testCaseId": "c888b484cedb2b72e7cc504150f6ba08", "fullName": "tests.test-ui.TestKinopoiskUI#test_navigation_to_person_page", "labels": [{"name": "parentSuite", "value": "tests"}, {"name": "suite", "value": "test-ui"}, {"name": "subSuite", "value": "TestKinopoiskUI"}, {"name": "host", "value": "DESKTOP-D6T2ROJ"}, {"name": "thread", "value": "32760-MainThread"}, {"name": "framework", "value": "pytest"}, {"name": "language", "value": "cpython3"}, {"name": "package", "value": "tests.test-ui"}]}