{"name": "test_footer_links_are_clickable", "status": "broken", "statusDetails": {"message": "selenium.common.exceptions.TimeoutException: Message: \nStacktrace:\n\tGetHandleVerifier [0x0x4da8a3+63283]\n\tGetHandleVerifier [0x0x4da8e4+63348]\n\t(No symbol) [0x0x313e43]\n\t(No symbol) [0x0x35c8de]\n\t(No symbol) [0x0x35cc7b]\n\t(No symbol) [0x0x3a4ef2]\n\t(No symbol) [0x0x381464]\n\t(No symbol) [0x0x3a271a]\n\t(No symbol) [0x0x381216]\n\t(No symbol) [0x0x350855]\n\t(No symbol) [0x0x3516f4]\n\tGetHandleVerifier [0x0x74bb43+2623955]\n\tGetHandleVerifier [0x0x746daa+2604090]\n\tGetHandleVerifier [0x0x50069a+218410]\n\tGetHandleVerifier [0x0x4f0ed8+154984]\n\tGetHandleVerifier [0x0x4f742d+180925]\n\tGetHandleVerifier [0x0x4e22b8+94536]\n\tGetHandleVerifier [0x0x4e2442+94930]\n\tGetHandleVerifier [0x0x4cd5ea+9338]\n\tBaseThreadInitThunk [0x0x75fcfcc9+25]\n\tRtlGetAppContainerNamedObjectPath [0x0x774482ae+286]\n\tRtlGetAppContainerNamedObjectPath [0x0x7744827e+238]", "trace": "self = <tests.test-ui.TestKinopoiskUI object at 0x000001D205531D90>\nbrowser = <selenium.webdriver.chrome.webdriver.WebDriver (session=\"0c677d8113fb0122a54746d0aeb456e3\")>\n\n    def test_footer_links_are_clickable(self, browser):\n        \"\"\"Ссылки в футере кликабельны.\"\"\"\n        browser.execute_script(\"window.scrollTo(0, document.body.scrollHeight);\")\n    \n>       footer_link = WebDriverWait(browser, 10).until(\n            EC.element_to_be_clickable((By.LINK_TEXT, \"Пользовательское соглашение\"))\n        )\n\ntests\\test-ui.py:80: \n_ _ _ _ _ _ _ _ _ _ _ _ _ _ _ _ _ _ _ _ _ _ _ _ _ _ _ _ _ _ _ _ _ _ _ _ _ _ _ _ _ _ _ _ _ _ _ _ _ _ _ _ _ _ _ _ _ _ _ _ _ _ _ _ _ \n\nself = <selenium.webdriver.support.wait.WebDriverWait (session=\"0c677d8113fb0122a54746d0aeb456e3\")>\nmethod = <function element_to_be_clickable.<locals>._predicate at 0x000001D205631080>, message = ''\n\n    def until(self, method: Callable[[D], Union[Literal[False], T]], message: str = \"\") -> T:\n        \"\"\"Calls the method provided with the driver as an argument until the \\\n        return value does not evaluate to ``False``.\n    \n        :param method: callable(WebDriver)\n        :param message: optional message for :exc:`TimeoutException`\n        :returns: the result of the last call to `method`\n        :raises: :exc:`selenium.common.exceptions.TimeoutException` if timeout occurs\n        \"\"\"\n        screen = None\n        stacktrace = None\n    \n        end_time = time.monotonic() + self._timeout\n        while True:\n            try:\n                value = method(self._driver)\n                if value:\n                    return value\n            except self._ignored_exceptions as exc:\n                screen = getattr(exc, \"screen\", None)\n                stacktrace = getattr(exc, \"stacktrace\", None)\n            time.sleep(self._poll)\n            if time.monotonic() > end_time:\n                break\n>       raise TimeoutException(message, screen, stacktrace)\nE       selenium.common.exceptions.TimeoutException: Message: \nE       Stacktrace:\nE       \tGetHandleVerifier [0x0x4da8a3+63283]\nE       \tGetHandleVerifier [0x0x4da8e4+63348]\nE       \t(No symbol) [0x0x313e43]\nE       \t(No symbol) [0x0x35c8de]\nE       \t(No symbol) [0x0x35cc7b]\nE       \t(No symbol) [0x0x3a4ef2]\nE       \t(No symbol) [0x0x381464]\nE       \t(No symbol) [0x0x3a271a]\nE       \t(No symbol) [0x0x381216]\nE       \t(No symbol) [0x0x350855]\nE       \t(No symbol) [0x0x3516f4]\nE       \tGetHandleVerifier [0x0x74bb43+2623955]\nE       \tGetHandleVerifier [0x0x746daa+2604090]\nE       \tGetHandleVerifier [0x0x50069a+218410]\nE       \tGetHandleVerifier [0x0x4f0ed8+154984]\nE       \tGetHandleVerifier [0x0x4f742d+180925]\nE       \tGetHandleVerifier [0x0x4e22b8+94536]\nE       \tGetHandleVerifier [0x0x4e2442+94930]\nE       \tGetHandleVerifier [0x0x4cd5ea+9338]\nE       \tBaseThreadInitThunk [0x0x75fcfcc9+25]\nE       \tRtlGetAppContainerNamedObjectPath [0x0x774482ae+286]\nE       \tRtlGetAppContainerNamedObjectPath [0x0x7744827e+238]\n\n..\\..\\..\\..\\AppData\\Local\\Programs\\Python\\Python313\\Lib\\site-packages\\selenium\\webdriver\\support\\wait.py:105: TimeoutException"}, "description": "Ссылки в футере кликабельны.", "start": 1757315064553, "stop": 1757315086315, "uuid": "1e9cac31-d61a-4afd-8c81-e954759b8f2c", "historyId": "0208305aa01ac8039289dc7533dd0fd7", "testCaseId": "0208305aa01ac8039289dc7533dd0fd7", "fullName": "tests.test-ui.TestKinopoiskUI#test_footer_links_are_clickable", "labels": [{"name": "parentSuite", "value": "tests"}, {"name": "suite", "value": "test-ui"}, {"name": "subSuite", "value": "TestKinopoiskUI"}, {"name": "host", "value": "DESKTOP-D6T2ROJ"}, {"name": "thread", "value": "31828-MainThread"}, {"name": "framework", "value": "pytest"}, {"name": "language", "value": "cpython3"}, {"name": "package", "value": "tests.test-ui"}]}